[debug] [2019-06-28T07:49:07.329Z] ----------------------------------------------------------------------
[debug] [2019-06-28T07:49:07.331Z] Command:       C:\Program Files\nodejs\node.exe C:\Users\user\AppData\Roaming\npm\node_modules\firebase-tools\lib\bin\firebase.js init
[debug] [2019-06-28T07:49:07.331Z] CLI Version:   6.7.2
[debug] [2019-06-28T07:49:07.331Z] Platform:      win32
[debug] [2019-06-28T07:49:07.331Z] Node Version:  v10.15.1
[debug] [2019-06-28T07:49:07.333Z] Time:          Fri Jun 28 2019 16:49:07 GMT+0900 (GMT+09:00)
[debug] [2019-06-28T07:49:07.333Z] ----------------------------------------------------------------------
[debug] 
[debug] [2019-06-28T07:49:07.341Z] > command requires scopes: ["email","openid","https://www.googleapis.com/auth/cloudplatformprojects.readonly","https://www.googleapis.com/auth/firebase","https://www.googleapis.com/auth/cloud-platform"]
[debug] [2019-06-28T07:49:07.342Z] > authorizing via signed-in user
[info] 
     ######## #### ########  ######## ########     ###     ######  ########
     ##        ##  ##     ## ##       ##     ##  ##   ##  ##       ##
     ######    ##  ########  ######   ########  #########  ######  ######
     ##        ##  ##    ##  ##       ##     ## ##     ##       ## ##
     ##       #### ##     ## ######## ########  ##     ##  ######  ########

You're about to initialize a Firebase project in this directory:

  D:\ㅇㅈㅎㄴ\기타\joinFrom

Before we get started, keep in mind:

  * You are initializing in an existing Firebase project directory

